<?xml version="1.0" encoding="UTF-8"?>
<!-- Generated by org.testng.reporters.JUnitReportReporter -->
<testsuite skipped="0" hostname="DESKTOP-250U10H" name="testcases.VerifyDeleteCustomer" tests="1" failures="0" timestamp="07 Dec 2019 18:56:22 GMT" time="19.310" errors="0">
  <testcase name="validateDeleteCustomer" time="19.310" classname="testcases.VerifyDeleteCustomer"/>
</testsuite> <!-- testcases.VerifyDeleteCustomer -->
