<?xml version="1.0" encoding="UTF-8"?>
<!-- Generated by org.testng.reporters.JUnitReportReporter -->
<testsuite skipped="0" hostname="DESKTOP-250U10H" name="testcases.VerifyAddAccount" tests="1" failures="0" timestamp="07 Dec 2019 19:01:01 GMT" time="21.075" errors="0">
  <testcase name="validateAddAccount" time="21.075" classname="testcases.VerifyAddAccount"/>
</testsuite> <!-- testcases.VerifyAddAccount -->
